<?xml version="1.0" encoding="UTF-8"?>
<!-- Generated by org.testng.reporters.JUnitXMLReporter -->
<testsuite ignored="0" hostname="LAPTOP-IPH4VNJ5" failures="5" tests="5" name="Register_User_Demo_TestCase" time="3.719" errors="0" timestamp="2022-09-07T16:02:45 IST">
  <testcase classname="com.telus.testng.RegisterUserDemo" name="launchApplication" time="3.478">
    <failure type="org.openqa.selenium.SessionNotCreatedException" message="session not created: This version of ChromeDriver only supports Chrome version 103
Current browser version is 105.0.5195.52 with binary path C:\Program Files\Google\Chrome\Application\chrome.exe
Build info: version: &amp;apos;3.141.59&amp;apos;, revision: &amp;apos;e82be7d358&amp;apos;, time: &amp;apos;2018-11-14T08:17:03&amp;apos;
System info: host: &amp;apos;LAPTOP-IPH4VNJ5&amp;apos;, ip: &amp;apos;192.168.29.171&amp;apos;, os.name: &amp;apos;Windows 10&amp;apos;, os.arch: &amp;apos;amd64&amp;apos;, os.version: &amp;apos;10.0&amp;apos;, java.version: &amp;apos;11.0.10&amp;apos;
Driver info: driver.version: ChromeDriver
remote stacktrace: Backtrace:
	Ordinal0 [0x00555FD3+2187219]
	Ordinal0 [0x004EE6D1+1763025]
	Ordinal0 [0x00403E78+802424]
	Ordinal0 [0x004251F9+938489]
	Ordinal0 [0x00420DDC+921052]
	Ordinal0 [0x0041E691+910993]
	Ordinal0 [0x004517F0+1120240]
	Ordinal0 [0x0045144A+1119306]
	Ordinal0 [0x0044C9A6+1100198]
	Ordinal0 [0x00426F80+946048]
	Ordinal0 [0x00427E76+949878]
	GetHandleVerifier [0x007F90C2+2721218]
	GetHandleVerifier [0x007EAAF0+2662384]
	GetHandleVerifier [0x005E137A+526458]
	GetHandleVerifier [0x005E0416+522518]
	Ordinal0 [0x004F4EAB+1789611]
	Ordinal0 [0x004F97A8+1808296]
	Ordinal0 [0x004F9895+1808533]
	Ordinal0 [0x005026C1+1844929]
	BaseThreadInitThunk [0x7520FA29+25]
	RtlGetAppContainerNamedObjectPath [0x77387A9E+286]
	RtlGetAppContainerNamedObjectPath [0x77387A6E+238]
">
      <![CDATA[org.openqa.selenium.SessionNotCreatedException: session not created: This version of ChromeDriver only supports Chrome version 103
Current browser version is 105.0.5195.52 with binary path C:\Program Files\Google\Chrome\Application\chrome.exe
Build info: version: '3.141.59', revision: 'e82be7d358', time: '2018-11-14T08:17:03'
System info: host: 'LAPTOP-IPH4VNJ5', ip: '192.168.29.171', os.name: 'Windows 10', os.arch: 'amd64', os.version: '10.0', java.version: '11.0.10'
Driver info: driver.version: ChromeDriver
remote stacktrace: Backtrace:
Ordinal0 [0x00555FD3+2187219]
Ordinal0 [0x004EE6D1+1763025]
Ordinal0 [0x00403E78+802424]
Ordinal0 [0x004251F9+938489]
Ordinal0 [0x00420DDC+921052]
Ordinal0 [0x0041E691+910993]
Ordinal0 [0x004517F0+1120240]
Ordinal0 [0x0045144A+1119306]
Ordinal0 [0x0044C9A6+1100198]
Ordinal0 [0x00426F80+946048]
Ordinal0 [0x00427E76+949878]
GetHandleVerifier [0x007F90C2+2721218]
GetHandleVerifier [0x007EAAF0+2662384]
GetHandleVerifier [0x005E137A+526458]
GetHandleVerifier [0x005E0416+522518]
Ordinal0 [0x004F4EAB+1789611]
Ordinal0 [0x004F97A8+1808296]
Ordinal0 [0x004F9895+1808533]
Ordinal0 [0x005026C1+1844929]
BaseThreadInitThunk [0x7520FA29+25]
RtlGetAppContainerNamedObjectPath [0x77387A9E+286]
RtlGetAppContainerNamedObjectPath [0x77387A6E+238]

at org.openqa.selenium.remote.W3CHandshakeResponse.lambda$errorHandler$0(W3CHandshakeResponse.java:62)
at org.openqa.selenium.remote.HandshakeResponse.lambda$getResponseFunction$0(HandshakeResponse.java:30)
at org.openqa.selenium.remote.ProtocolHandshake.lambda$createSession$0(ProtocolHandshake.java:126)
at java.base/java.util.stream.ReferencePipeline$3$1.accept(ReferencePipeline.java:195)
at java.base/java.util.Spliterators$ArraySpliterator.tryAdvance(Spliterators.java:958)
at java.base/java.util.stream.ReferencePipeline.forEachWithCancel(ReferencePipeline.java:127)
at java.base/java.util.stream.AbstractPipeline.copyIntoWithCancel(AbstractPipeline.java:502)
at java.base/java.util.stream.AbstractPipeline.copyInto(AbstractPipeline.java:488)
at java.base/java.util.stream.AbstractPipeline.wrapAndCopyInto(AbstractPipeline.java:474)
at java.base/java.util.stream.FindOps$FindOp.evaluateSequential(FindOps.java:150)
at java.base/java.util.stream.AbstractPipeline.evaluate(AbstractPipeline.java:234)
at java.base/java.util.stream.ReferencePipeline.findFirst(ReferencePipeline.java:543)
at org.openqa.selenium.remote.ProtocolHandshake.createSession(ProtocolHandshake.java:128)
at org.openqa.selenium.remote.ProtocolHandshake.createSession(ProtocolHandshake.java:74)
at org.openqa.selenium.remote.HttpCommandExecutor.execute(HttpCommandExecutor.java:136)
at org.openqa.selenium.remote.service.DriverCommandExecutor.execute(DriverCommandExecutor.java:83)
at org.openqa.selenium.remote.RemoteWebDriver.execute(RemoteWebDriver.java:552)
at org.openqa.selenium.remote.RemoteWebDriver.startSession(RemoteWebDriver.java:213)
at org.openqa.selenium.remote.RemoteWebDriver.<init>(RemoteWebDriver.java:131)
at org.openqa.selenium.chrome.ChromeDriver.<init>(ChromeDriver.java:181)
at org.openqa.selenium.chrome.ChromeDriver.<init>(ChromeDriver.java:168)
at org.openqa.selenium.chrome.ChromeDriver.<init>(ChromeDriver.java:123)
at com.telus.testng.RegisterUserDemo.launchApplication(RegisterUserDemo.java:77)
at java.base/java.util.ArrayList.forEach(ArrayList.java:1541)
... Removed 31 stack frames]]>
    </failure>
  </testcase> <!-- launchApplication -->
  <testcase classname="com.telus.testng.RegisterUserDemo" name="navigateToRegistrationForm" time="0.016">
    <failure type="java.lang.NullPointerException">
      <![CDATA[java.lang.NullPointerException
at java.base/java.util.Objects.requireNonNull(Objects.java:221)
at org.openqa.selenium.interactions.Actions.<init>(Actions.java:65)
at com.telus.testng.RegisterUserDemo.navigateToRegistrationForm(RegisterUserDemo.java:93)
at java.base/java.util.ArrayList.forEach(ArrayList.java:1541)
... Removed 27 stack frames]]>
    </failure>
  </testcase> <!-- navigateToRegistrationForm -->
  <testcase classname="com.telus.testng.RegisterUserDemo" name="registerUser" time="0.008">
    <failure type="java.lang.NullPointerException">
      <![CDATA[java.lang.NullPointerException
at com.telus.testng.RegisterUserDemo.registerUser(RegisterUserDemo.java:117)
at java.base/java.util.ArrayList.forEach(ArrayList.java:1541)
... Removed 27 stack frames]]>
    </failure>
  </testcase> <!-- registerUser -->
  <testcase classname="com.telus.testng.RegisterUserDemo" name="validateSuccessFulMessage" time="0.003">
    <failure type="java.lang.NullPointerException">
      <![CDATA[java.lang.NullPointerException
at com.telus.testng.RegisterUserDemo.validateSuccessFulMessage(RegisterUserDemo.java:610)
at java.base/java.util.ArrayList.forEach(ArrayList.java:1541)
... Removed 27 stack frames]]>
    </failure>
  </testcase> <!-- validateSuccessFulMessage -->
  <testcase classname="com.telus.testng.RegisterUserDemo" name="closeApplication" time="0.001">
    <failure type="java.lang.NullPointerException">
      <![CDATA[java.lang.NullPointerException
at com.telus.testng.RegisterUserDemo.closeApplication(RegisterUserDemo.java:643)
at java.base/java.util.ArrayList.forEach(ArrayList.java:1541)
... Removed 27 stack frames]]>
    </failure>
  </testcase> <!-- closeApplication -->
</testsuite> <!-- Register_User_Demo_TestCase -->
